Info: Starting: Create simulation model
Info: qsys-generate C:\Users\Otter\Desktop\AES\Exercise_9\embedded_system.qsys --simulation=VHDL --allow-mixed-language-simulation --output-directory=C:\Users\Otter\Desktop\AES\Exercise_9\embedded_system\simulation --family="Cyclone V" --part=5CSXFC6D6F31C6
Progress: Loading Exercise_9/embedded_system.qsys
Progress: Reading input file
Progress: Adding clk_0 [clock_source 18.1]
Progress: Parameterizing module clk_0
Progress: Adding crc_avalon_interface_0 [crc_avalon_interface 1.0]
Progress: Parameterizing module crc_avalon_interface_0
Progress: Adding nios2_qsys_0 [altera_nios2_qsys 16.1]
Progress: Parameterizing module nios2_qsys_0
Progress: Adding onchip_memory2_0 [altera_avalon_onchip_memory2 18.1]
Progress: Parameterizing module onchip_memory2_0
Progress: Building connections
Progress: Parameterizing connections
Progress: Validating
Progress: Done reading input file
Warning: embedded_system.crc_avalon_interface_0.conduit_end: Interface has no signals
Warning: embedded_system.nios2_qsys_0: Nios II Classic cores are no longer recommended for new projects
Info: embedded_system: Generating embedded_system "embedded_system" for SIM_VHDL
Info: crc_avalon_interface_0: "embedded_system" instantiated crc_avalon_interface "crc_avalon_interface_0"
Info: nios2_qsys_0: Starting RTL generation for module 'embedded_system_nios2_qsys_0'
Info: nios2_qsys_0:   Generation command is [exec C:/intelfpga_lite/18.1/quartus/bin64/eperlcmd.exe -I C:/intelfpga_lite/18.1/quartus/bin64/perl/lib -I C:/intelfpga_lite/18.1/quartus/sopc_builder/bin/europa -I C:/intelfpga_lite/18.1/quartus/sopc_builder/bin/perl_lib -I C:/intelfpga_lite/18.1/quartus/sopc_builder/bin -I C:/intelfpga_lite/18.1/quartus/../ip/altera/nios2_ip/altera_nios2/cpu_lib -I C:/intelfpga_lite/18.1/quartus/../ip/altera/nios2_ip/altera_nios2/nios_lib -I C:/intelfpga_lite/18.1/quartus/../ip/altera/nios2_ip/altera_nios2 -I C:/intelfpga_lite/18.1/quartus/../ip/altera/nios2_ip/altera_nios2 -- C:/intelfpga_lite/18.1/quartus/../ip/altera/nios2_ip/altera_nios2/generate_rtl.epl --name=embedded_system_nios2_qsys_0 --dir=C:/Users/Otter/AppData/Local/Temp/alt9551_1662166895316123995.dir/0004_nios2_qsys_0_gen/ --quartus_bindir=C:/intelfpga_lite/18.1/quartus/bin64 --vhdl --config=C:/Users/Otter/AppData/Local/Temp/alt9551_1662166895316123995.dir/0004_nios2_qsys_0_gen//embedded_system_nios2_qsys_0_processor_configuration.pl  --do_build_sim=1    --sim_dir=C:/Users/Otter/AppData/Local/Temp/alt9551_1662166895316123995.dir/0004_nios2_qsys_0_gen/  ]
Info: nios2_qsys_0: # 2023.07.13 18:13:12 (*) Starting Nios II generation
Info: nios2_qsys_0: # 2023.07.13 18:13:12 (*)   Checking for plaintext license.
Info: nios2_qsys_0: # 2023.07.13 18:13:12 (*)   Couldn't query license setup in Quartus directory C:/intelfpga_lite/18.1/quartus/bin64
Info: nios2_qsys_0: # 2023.07.13 18:13:12 (*)   Defaulting to contents of LM_LICENSE_FILE environment variable
Info: nios2_qsys_0: # 2023.07.13 18:13:12 (*)   LM_LICENSE_FILE environment variable is empty
Info: nios2_qsys_0: # 2023.07.13 18:13:12 (*)   Plaintext license not found.
Info: nios2_qsys_0: # 2023.07.13 18:13:12 (*)   No license required to generate encrypted Nios II/e.
Info: nios2_qsys_0: # 2023.07.13 18:13:12 (*)   Elaborating CPU configuration settings
Info: nios2_qsys_0: # 2023.07.13 18:13:12 (*)   Creating all objects for CPU
Info: nios2_qsys_0: # 2023.07.13 18:13:13 (*)   Creating 'C:/Users/Otter/AppData/Local/Temp/alt9551_1662166895316123995.dir/0004_nios2_qsys_0_gen//embedded_system_nios2_qsys_0_nios2_waves.do'
Info: nios2_qsys_0: # 2023.07.13 18:13:13 (*)   Generating RTL from CPU objects
Info: nios2_qsys_0: # 2023.07.13 18:13:13 (*)   Creating plain-text RTL
Info: nios2_qsys_0: # 2023.07.13 18:13:14 (*) Done Nios II generation
Info: nios2_qsys_0: Done RTL generation for module 'embedded_system_nios2_qsys_0'
Info: nios2_qsys_0: "embedded_system" instantiated altera_nios2_qsys "nios2_qsys_0"
Info: onchip_memory2_0: Starting RTL generation for module 'embedded_system_onchip_memory2_0'
Info: onchip_memory2_0:   Generation command is [exec C:/intelfpga_lite/18.1/quartus/bin64/perl/bin/perl.exe -I C:/intelfpga_lite/18.1/quartus/bin64/perl/lib -I C:/intelfpga_lite/18.1/quartus/sopc_builder/bin/europa -I C:/intelfpga_lite/18.1/quartus/sopc_builder/bin/perl_lib -I C:/intelfpga_lite/18.1/quartus/sopc_builder/bin -I C:/intelfpga_lite/18.1/quartus/../ip/altera/sopc_builder_ip/common -I C:/intelfpga_lite/18.1/quartus/../ip/altera/sopc_builder_ip/altera_avalon_onchip_memory2 -- C:/intelfpga_lite/18.1/quartus/../ip/altera/sopc_builder_ip/altera_avalon_onchip_memory2/generate_rtl.pl --name=embedded_system_onchip_memory2_0 --dir=C:/Users/Otter/AppData/Local/Temp/alt9551_1662166895316123995.dir/0005_onchip_memory2_0_gen/ --quartus_dir=C:/intelfpga_lite/18.1/quartus --vhdl --config=C:/Users/Otter/AppData/Local/Temp/alt9551_1662166895316123995.dir/0005_onchip_memory2_0_gen//embedded_system_onchip_memory2_0_component_configuration.pl  --do_build_sim=1    --sim_dir=C:/Users/Otter/AppData/Local/Temp/alt9551_1662166895316123995.dir/0005_onchip_memory2_0_gen/  ]
Info: onchip_memory2_0: Done RTL generation for module 'embedded_system_onchip_memory2_0'
Info: onchip_memory2_0: "embedded_system" instantiated altera_avalon_onchip_memory2 "onchip_memory2_0"
Info: avalon_st_adapter: Inserting error_adapter: error_adapter_0
Info: avalon_st_adapter_001: Inserting error_adapter: error_adapter_0
Info: avalon_st_adapter_002: Inserting error_adapter: error_adapter_0
Info: mm_interconnect_0: "embedded_system" instantiated altera_mm_interconnect "mm_interconnect_0"
Info: irq_mapper: "embedded_system" instantiated altera_irq_mapper "irq_mapper"
Info: rst_controller: "embedded_system" instantiated altera_reset_controller "rst_controller"
Info: nios2_qsys_0_data_master_translator: "mm_interconnect_0" instantiated altera_merlin_master_translator "nios2_qsys_0_data_master_translator"
Info: crc_avalon_interface_0_avalon_slave_0_translator: "mm_interconnect_0" instantiated altera_merlin_slave_translator "crc_avalon_interface_0_avalon_slave_0_translator"
Info: nios2_qsys_0_data_master_agent: "mm_interconnect_0" instantiated altera_merlin_master_agent "nios2_qsys_0_data_master_agent"
Info: crc_avalon_interface_0_avalon_slave_0_agent: "mm_interconnect_0" instantiated altera_merlin_slave_agent "crc_avalon_interface_0_avalon_slave_0_agent"
Info: crc_avalon_interface_0_avalon_slave_0_agent_rsp_fifo: "mm_interconnect_0" instantiated altera_avalon_sc_fifo "crc_avalon_interface_0_avalon_slave_0_agent_rsp_fifo"
Info: router: "mm_interconnect_0" instantiated altera_merlin_router "router"
Info: router_001: "mm_interconnect_0" instantiated altera_merlin_router "router_001"
Info: router_002: "mm_interconnect_0" instantiated altera_merlin_router "router_002"
Info: router_003: "mm_interconnect_0" instantiated altera_merlin_router "router_003"
Info: cmd_demux: "mm_interconnect_0" instantiated altera_merlin_demultiplexer "cmd_demux"
Info: cmd_demux_001: "mm_interconnect_0" instantiated altera_merlin_demultiplexer "cmd_demux_001"
Info: cmd_mux: "mm_interconnect_0" instantiated altera_merlin_multiplexer "cmd_mux"
Info: cmd_mux_001: "mm_interconnect_0" instantiated altera_merlin_multiplexer "cmd_mux_001"
Info: Reusing file C:/Users/Otter/Desktop/AES/Exercise_9/embedded_system/simulation/submodules/altera_merlin_arbitrator.sv
Info: rsp_demux: "mm_interconnect_0" instantiated altera_merlin_demultiplexer "rsp_demux"
Info: rsp_mux: "mm_interconnect_0" instantiated altera_merlin_multiplexer "rsp_mux"
Info: Reusing file C:/Users/Otter/Desktop/AES/Exercise_9/embedded_system/simulation/submodules/altera_merlin_arbitrator.sv
Info: rsp_mux_001: "mm_interconnect_0" instantiated altera_merlin_multiplexer "rsp_mux_001"
Info: Reusing file C:/Users/Otter/Desktop/AES/Exercise_9/embedded_system/simulation/submodules/altera_merlin_arbitrator.sv
Info: avalon_st_adapter: "mm_interconnect_0" instantiated altera_avalon_st_adapter "avalon_st_adapter"
Info: error_adapter_0: "avalon_st_adapter" instantiated error_adapter "error_adapter_0"
Info: embedded_system: Done "embedded_system" with 25 modules, 48 files
Info: qsys-generate succeeded.
Info: Finished: Create simulation model
Info: Starting: Create Modelsim Project.
Info: sim-script-gen --spd=C:\Users\Otter\Desktop\AES\Exercise_9\embedded_system\embedded_system.spd --output-directory=C:/Users/Otter/Desktop/AES/Exercise_9/embedded_system/simulation/ --use-relative-paths=true
Info: Doing: ip-make-simscript --spd=C:\Users\Otter\Desktop\AES\Exercise_9\embedded_system\embedded_system.spd --output-directory=C:/Users/Otter/Desktop/AES/Exercise_9/embedded_system/simulation/ --use-relative-paths=true
Info: Generating the following file(s) for MODELSIM simulator in C:/Users/Otter/Desktop/AES/Exercise_9/embedded_system/simulation/ directory:
Info: 	mentor/msim_setup.tcl
Info: Skipping VCS script generation since VHDL file $QUARTUS_INSTALL_DIR/eda/sim_lib/altera_syn_attributes.vhd is required for simulation
Info: Generating the following file(s) for VCSMX simulator in C:/Users/Otter/Desktop/AES/Exercise_9/embedded_system/simulation/ directory:
Info: 	synopsys/vcsmx/synopsys_sim.setup
Info: 	synopsys/vcsmx/vcsmx_setup.sh
Info: Generating the following file(s) for NCSIM simulator in C:/Users/Otter/Desktop/AES/Exercise_9/embedded_system/simulation/ directory:
Info: 	cadence/cds.lib
Info: 	cadence/hdl.var
Info: 	cadence/ncsim_setup.sh
Info: 	24 .cds.lib files in cadence/cds_libs/ directory
Info: Generating the following file(s) for RIVIERA simulator in C:/Users/Otter/Desktop/AES/Exercise_9/embedded_system/simulation/ directory:
Info: 	aldec/rivierapro_setup.tcl
Info: For information on how to simulate your IP, see the explanatory comments in the simulator-specific subdirectories under C:/Users/Otter/Desktop/AES/Exercise_9/embedded_system/simulation/.
Info: Regenerate these scripts whenever you make any change to any Quartus-generated IP in your project.
Info: Finished: Create Modelsim Project.
Info: Starting: Create block symbol file (.bsf)
Info: qsys-generate C:\Users\Otter\Desktop\AES\Exercise_9\embedded_system.qsys --block-symbol-file --output-directory=C:\Users\Otter\Desktop\AES\Exercise_9\embedded_system --family="Cyclone V" --part=5CSXFC6D6F31C6
Progress: Loading Exercise_9/embedded_system.qsys
Progress: Reading input file
Progress: Adding clk_0 [clock_source 18.1]
Progress: Parameterizing module clk_0
Progress: Adding crc_avalon_interface_0 [crc_avalon_interface 1.0]
Progress: Parameterizing module crc_avalon_interface_0
Progress: Adding nios2_qsys_0 [altera_nios2_qsys 16.1]
Progress: Parameterizing module nios2_qsys_0
Progress: Adding onchip_memory2_0 [altera_avalon_onchip_memory2 18.1]
Progress: Parameterizing module onchip_memory2_0
Progress: Building connections
Progress: Parameterizing connections
Progress: Validating
Progress: Done reading input file
Warning: embedded_system.crc_avalon_interface_0.conduit_end: Interface has no signals
Warning: embedded_system.nios2_qsys_0: Nios II Classic cores are no longer recommended for new projects
Info: qsys-generate succeeded.
Info: Finished: Create block symbol file (.bsf)
Info: 
Info: Starting: Create HDL design files for synthesis
Info: qsys-generate C:\Users\Otter\Desktop\AES\Exercise_9\embedded_system.qsys --synthesis=VHDL --output-directory=C:\Users\Otter\Desktop\AES\Exercise_9\embedded_system\synthesis --family="Cyclone V" --part=5CSXFC6D6F31C6
Progress: Loading Exercise_9/embedded_system.qsys
Progress: Reading input file
Progress: Adding clk_0 [clock_source 18.1]
Progress: Parameterizing module clk_0
Progress: Adding crc_avalon_interface_0 [crc_avalon_interface 1.0]
Progress: Parameterizing module crc_avalon_interface_0
Progress: Adding nios2_qsys_0 [altera_nios2_qsys 16.1]
Progress: Parameterizing module nios2_qsys_0
Progress: Adding onchip_memory2_0 [altera_avalon_onchip_memory2 18.1]
Progress: Parameterizing module onchip_memory2_0
Progress: Building connections
Progress: Parameterizing connections
Progress: Validating
Progress: Done reading input file
Warning: embedded_system.crc_avalon_interface_0.conduit_end: Interface has no signals
Warning: embedded_system.nios2_qsys_0: Nios II Classic cores are no longer recommended for new projects
Info: embedded_system: Generating embedded_system "embedded_system" for QUARTUS_SYNTH
Info: crc_avalon_interface_0: "embedded_system" instantiated crc_avalon_interface "crc_avalon_interface_0"
Info: nios2_qsys_0: Starting RTL generation for module 'embedded_system_nios2_qsys_0'
Info: nios2_qsys_0:   Generation command is [exec C:/intelfpga_lite/18.1/quartus/bin64/eperlcmd.exe -I C:/intelfpga_lite/18.1/quartus/bin64/perl/lib -I C:/intelfpga_lite/18.1/quartus/sopc_builder/bin/europa -I C:/intelfpga_lite/18.1/quartus/sopc_builder/bin/perl_lib -I C:/intelfpga_lite/18.1/quartus/sopc_builder/bin -I C:/intelfpga_lite/18.1/quartus/../ip/altera/nios2_ip/altera_nios2/cpu_lib -I C:/intelfpga_lite/18.1/quartus/../ip/altera/nios2_ip/altera_nios2/nios_lib -I C:/intelfpga_lite/18.1/quartus/../ip/altera/nios2_ip/altera_nios2 -I C:/intelfpga_lite/18.1/quartus/../ip/altera/nios2_ip/altera_nios2 -- C:/intelfpga_lite/18.1/quartus/../ip/altera/nios2_ip/altera_nios2/generate_rtl.epl --name=embedded_system_nios2_qsys_0 --dir=C:/Users/Otter/AppData/Local/Temp/alt9551_1662166895316123995.dir/0027_nios2_qsys_0_gen/ --quartus_bindir=C:/intelfpga_lite/18.1/quartus/bin64 --verilog --config=C:/Users/Otter/AppData/Local/Temp/alt9551_1662166895316123995.dir/0027_nios2_qsys_0_gen//embedded_system_nios2_qsys_0_processor_configuration.pl  --do_build_sim=0  ]
Info: nios2_qsys_0: # 2023.07.13 18:13:21 (*) Starting Nios II generation
Info: nios2_qsys_0: # 2023.07.13 18:13:21 (*)   Checking for plaintext license.
Info: nios2_qsys_0: # 2023.07.13 18:13:21 (*)   Couldn't query license setup in Quartus directory C:/intelfpga_lite/18.1/quartus/bin64
Info: nios2_qsys_0: # 2023.07.13 18:13:21 (*)   Defaulting to contents of LM_LICENSE_FILE environment variable
Info: nios2_qsys_0: # 2023.07.13 18:13:21 (*)   LM_LICENSE_FILE environment variable is empty
Info: nios2_qsys_0: # 2023.07.13 18:13:21 (*)   Plaintext license not found.
Info: nios2_qsys_0: # 2023.07.13 18:13:21 (*)   No license required to generate encrypted Nios II/e.
Info: nios2_qsys_0: # 2023.07.13 18:13:21 (*)   Elaborating CPU configuration settings
Info: nios2_qsys_0: # 2023.07.13 18:13:21 (*)   Creating all objects for CPU
Info: nios2_qsys_0: # 2023.07.13 18:13:22 (*)   Generating RTL from CPU objects
Info: nios2_qsys_0: # 2023.07.13 18:13:22 (*)   Creating plain-text RTL
Info: nios2_qsys_0: # 2023.07.13 18:13:22 (*) Done Nios II generation
Info: nios2_qsys_0: Done RTL generation for module 'embedded_system_nios2_qsys_0'
Info: nios2_qsys_0: "embedded_system" instantiated altera_nios2_qsys "nios2_qsys_0"
Info: onchip_memory2_0: Starting RTL generation for module 'embedded_system_onchip_memory2_0'
Info: onchip_memory2_0:   Generation command is [exec C:/intelfpga_lite/18.1/quartus/bin64/perl/bin/perl.exe -I C:/intelfpga_lite/18.1/quartus/bin64/perl/lib -I C:/intelfpga_lite/18.1/quartus/sopc_builder/bin/europa -I C:/intelfpga_lite/18.1/quartus/sopc_builder/bin/perl_lib -I C:/intelfpga_lite/18.1/quartus/sopc_builder/bin -I C:/intelfpga_lite/18.1/quartus/../ip/altera/sopc_builder_ip/common -I C:/intelfpga_lite/18.1/quartus/../ip/altera/sopc_builder_ip/altera_avalon_onchip_memory2 -- C:/intelfpga_lite/18.1/quartus/../ip/altera/sopc_builder_ip/altera_avalon_onchip_memory2/generate_rtl.pl --name=embedded_system_onchip_memory2_0 --dir=C:/Users/Otter/AppData/Local/Temp/alt9551_1662166895316123995.dir/0028_onchip_memory2_0_gen/ --quartus_dir=C:/intelfpga_lite/18.1/quartus --verilog --config=C:/Users/Otter/AppData/Local/Temp/alt9551_1662166895316123995.dir/0028_onchip_memory2_0_gen//embedded_system_onchip_memory2_0_component_configuration.pl  --do_build_sim=0  ]
Info: onchip_memory2_0: Done RTL generation for module 'embedded_system_onchip_memory2_0'
Info: onchip_memory2_0: "embedded_system" instantiated altera_avalon_onchip_memory2 "onchip_memory2_0"
Info: avalon_st_adapter: Inserting error_adapter: error_adapter_0
Info: avalon_st_adapter_001: Inserting error_adapter: error_adapter_0
Info: avalon_st_adapter_002: Inserting error_adapter: error_adapter_0
Info: mm_interconnect_0: "embedded_system" instantiated altera_mm_interconnect "mm_interconnect_0"
Info: irq_mapper: "embedded_system" instantiated altera_irq_mapper "irq_mapper"
Info: rst_controller: "embedded_system" instantiated altera_reset_controller "rst_controller"
Info: nios2_qsys_0_data_master_translator: "mm_interconnect_0" instantiated altera_merlin_master_translator "nios2_qsys_0_data_master_translator"
Info: crc_avalon_interface_0_avalon_slave_0_translator: "mm_interconnect_0" instantiated altera_merlin_slave_translator "crc_avalon_interface_0_avalon_slave_0_translator"
Info: nios2_qsys_0_data_master_agent: "mm_interconnect_0" instantiated altera_merlin_master_agent "nios2_qsys_0_data_master_agent"
Info: crc_avalon_interface_0_avalon_slave_0_agent: "mm_interconnect_0" instantiated altera_merlin_slave_agent "crc_avalon_interface_0_avalon_slave_0_agent"
Info: crc_avalon_interface_0_avalon_slave_0_agent_rsp_fifo: "mm_interconnect_0" instantiated altera_avalon_sc_fifo "crc_avalon_interface_0_avalon_slave_0_agent_rsp_fifo"
Info: router: "mm_interconnect_0" instantiated altera_merlin_router "router"
Info: router_001: "mm_interconnect_0" instantiated altera_merlin_router "router_001"
Info: router_002: "mm_interconnect_0" instantiated altera_merlin_router "router_002"
Info: router_003: "mm_interconnect_0" instantiated altera_merlin_router "router_003"
Info: cmd_demux: "mm_interconnect_0" instantiated altera_merlin_demultiplexer "cmd_demux"
Info: cmd_demux_001: "mm_interconnect_0" instantiated altera_merlin_demultiplexer "cmd_demux_001"
Info: cmd_mux: "mm_interconnect_0" instantiated altera_merlin_multiplexer "cmd_mux"
Info: cmd_mux_001: "mm_interconnect_0" instantiated altera_merlin_multiplexer "cmd_mux_001"
Info: Reusing file C:/Users/Otter/Desktop/AES/Exercise_9/embedded_system/synthesis/submodules/altera_merlin_arbitrator.sv
Info: rsp_demux: "mm_interconnect_0" instantiated altera_merlin_demultiplexer "rsp_demux"
Info: rsp_mux: "mm_interconnect_0" instantiated altera_merlin_multiplexer "rsp_mux"
Info: Reusing file C:/Users/Otter/Desktop/AES/Exercise_9/embedded_system/synthesis/submodules/altera_merlin_arbitrator.sv
Info: rsp_mux_001: "mm_interconnect_0" instantiated altera_merlin_multiplexer "rsp_mux_001"
Info: Reusing file C:/Users/Otter/Desktop/AES/Exercise_9/embedded_system/synthesis/submodules/altera_merlin_arbitrator.sv
Info: avalon_st_adapter: "mm_interconnect_0" instantiated altera_avalon_st_adapter "avalon_st_adapter"
Info: error_adapter_0: "avalon_st_adapter" instantiated error_adapter "error_adapter_0"
Info: embedded_system: Done "embedded_system" with 25 modules, 41 files
Info: qsys-generate succeeded.
Info: Finished: Create HDL design files for synthesis
